#
# A fatal error has been detected by the Java Runtime Environment:
#
#  EXCEPTION_ACCESS_VIOLATION (0xc0000005) at pc=0x6e22557d, pid=7904, tid=0x00000b04
#
# JRE version: Java(TM) SE Runtime Environment (8.0_144-b01) (build 1.8.0_144-b01)
# Java VM: Java HotSpot(TM) Client VM (25.144-b01 mixed mode windows-x86 )
# Problematic frame:
# C  [jfxwebkit.dll+0xdf557d]
#
# Failed to write core dump. Minidumps are not enabled by default on client versions of Windows
#
# If you would like to submit a bug report, please visit:
#   http://bugreport.java.com/bugreport/crash.jsp
# The crash happened outside the Java Virtual Machine in native code.
# See problematic frame for where to report the bug.
#

---------------  T H R E A D  ---------------

Current thread (0x14fa1c00):  JavaThread "JavaFX Application Thread" [_thread_in_native, id=2820, stack(0x14bd0000,0x14c20000)]

siginfo: ExceptionCode=0xc0000005, reading address 0x00000019

Registers:
EAX=0x17981308, EBX=0x14c1e678, ECX=0x17981308, EDX=0x0000003f
ESP=0x14c1e4c8, EBP=0x14c1e4cc, ESI=0x00000015, EDI=0x1796b140
EIP=0x6e22557d, EFLAGS=0x00210202

Top of Stack: (sp=0x14c1e4c8)
0x14c1e4c8:   17981308 14c1e4f8 6d81cd18 17981308
0x14c1e4d8:   00000015 002dd6d8 14c1e678 17919610
0x14c1e4e8:   002e3ef4 002e3f10 14c1e501 002dd6d8
0x14c1e4f8:   14c1e514 6d81ceac 1796add8 00000002
0x14c1e508:   002f0fe8 14c1e7d4 14c1e7d4 14c1e57c
0x14c1e518:   6d82254a 17919610 14c1e678 14c1e7d4
0x14c1e528:   14c1e678 14c1e7d4 17919610 00000000
0x14c1e538:   ffffffff ffffffff 00000000 00246fe8 

Instructions: (pc=0x6e22557d)
0x6e22555d:   c2 04 00 50 51 e8 b9 d0 ff ff 83 c4 08 5d c2 04
0x6e22556d:   00 cc cc 55 8b ec 8b 4d 08 56 8b 75 0c 8b 51 04
0x6e22557d:   3b 56 04 74 05 32 c0 5e 5d c3 8b 41 0c c1 e8 03
0x6e22558d:   53 a8 01 8b 46 0c 8b 76 08 57 74 7d c1 e8 03 a8 


Register to memory mapping:

EAX=0x17981308 is an unknown value
EBX=0x14c1e678 is pointing into the stack for thread: 0x14fa1c00
ECX=0x17981308 is an unknown value
EDX=0x0000003f is an unknown value
ESP=0x14c1e4c8 is pointing into the stack for thread: 0x14fa1c00
EBP=0x14c1e4cc is pointing into the stack for thread: 0x14fa1c00
ESI=0x00000015 is an unknown value
EDI=0x1796b140 is an unknown value


Stack: [0x14bd0000,0x14c20000],  sp=0x14c1e4c8,  free space=313k
Native frames: (J=compiled Java code, j=interpreted, Vv=VM code, C=native code)
C  [jfxwebkit.dll+0xdf557d]
C  [jfxwebkit.dll+0x3ecd18]
C  [jfxwebkit.dll+0x3eceac]
C  [jfxwebkit.dll+0x3f254a]
C  [jfxwebkit.dll+0x3f4ebb]
C  [jfxwebkit.dll+0x3f243f]
C  [jfxwebkit.dll+0x757863]
C  [jfxwebkit.dll+0x757c7e]
j  com.sun.webkit.network.URLLoader.twkWillSendRequest(Ljava/lang/String;Ljava/lang/String;ILjava/lang/String;Ljava/lang/String;JLjava/lang/String;Ljava/lang/String;J)Z+0
j  com.sun.webkit.network.URLLoader.notifyWillSendRequest(Ljava/lang/String;Ljava/lang/String;ILjava/lang/String;Ljava/lang/String;JLjava/lang/String;Ljava/lang/String;)Z+107
j  com.sun.webkit.network.URLLoader.lambda$willSendRequest$100(Ljava/lang/String;Ljava/lang/String;ILjava/lang/String;Ljava/lang/String;JLjava/lang/String;Ljava/lang/String;Ljava/util/concurrent/CountDownLatch;)V+21
j  com.sun.webkit.network.URLLoader$$Lambda$198.run()V+40
j  com.sun.javafx.application.PlatformImpl.lambda$null$173(Ljava/lang/Runnable;)Ljava/lang/Void;+1
j  com.sun.javafx.application.PlatformImpl$$Lambda$51.run()Ljava/lang/Object;+4
v  ~StubRoutines::call_stub
V  [jvm.dll+0x15af45]
V  [jvm.dll+0x2213ae]
V  [jvm.dll+0x15afde]
V  [jvm.dll+0x10b2cf]
C  [java.dll+0x102f]
j  com.sun.javafx.application.PlatformImpl.lambda$runLater$174(Ljava/lang/Runnable;Ljava/security/AccessControlContext;)V+7
j  com.sun.javafx.application.PlatformImpl$$Lambda$49.run()V+8
j  com.sun.glass.ui.InvokeLaterDispatcher$Future.run()V+4
v  ~StubRoutines::call_stub
V  [jvm.dll+0x15af45]
V  [jvm.dll+0x2213ae]
V  [jvm.dll+0x15afde]
V  [jvm.dll+0xdcdcb]
V  [jvm.dll+0xdfd5c]
C  [glass.dll+0x46fc]

Java frames: (J=compiled Java code, j=interpreted, Vv=VM code)
j  com.sun.webkit.network.URLLoader.twkWillSendRequest(Ljava/lang/String;Ljava/lang/String;ILjava/lang/String;Ljava/lang/String;JLjava/lang/String;Ljava/lang/String;J)Z+0
j  com.sun.webkit.network.URLLoader.notifyWillSendRequest(Ljava/lang/String;Ljava/lang/String;ILjava/lang/String;Ljava/lang/String;JLjava/lang/String;Ljava/lang/String;)Z+107
j  com.sun.webkit.network.URLLoader.lambda$willSendRequest$100(Ljava/lang/String;Ljava/lang/String;ILjava/lang/String;Ljava/lang/String;JLjava/lang/String;Ljava/lang/String;Ljava/util/concurrent/CountDownLatch;)V+21
j  com.sun.webkit.network.URLLoader$$Lambda$198.run()V+40
j  com.sun.javafx.application.PlatformImpl.lambda$null$173(Ljava/lang/Runnable;)Ljava/lang/Void;+1
j  com.sun.javafx.application.PlatformImpl$$Lambda$51.run()Ljava/lang/Object;+4
v  ~StubRoutines::call_stub
J 668  java.security.AccessController.doPrivileged(Ljava/security/PrivilegedAction;Ljava/security/AccessControlContext;)Ljava/lang/Object; (0 bytes) @ 0x01f5a987 [0x01f5a920+0x67]
j  com.sun.javafx.application.PlatformImpl.lambda$runLater$174(Ljava/lang/Runnable;Ljava/security/AccessControlContext;)V+7
j  com.sun.javafx.application.PlatformImpl$$Lambda$49.run()V+8
j  com.sun.glass.ui.InvokeLaterDispatcher$Future.run()V+4
v  ~StubRoutines::call_stub
j  com.sun.glass.ui.win.WinApplication._runLoop(Ljava/lang/Runnable;)V+0
j  com.sun.glass.ui.win.WinApplication.lambda$null$148(ILjava/lang/Runnable;)V+8
j  com.sun.glass.ui.win.WinApplication$$Lambda$39.run()V+12
j  java.lang.Thread.run()V+11
v  ~StubRoutines::call_stub

---------------  P R O C E S S  ---------------

Java Threads: ( => current thread )
  0x152c4000 JavaThread "URL-Loader-3" daemon [_thread_in_native, id=1968, stack(0x18220000,0x18270000)]
  0x152b3000 JavaThread "Keep-Alive-Timer" daemon [_thread_blocked, id=6220, stack(0x18140000,0x18190000)]
  0x142d5000 JavaThread "URL-Loader-2" daemon [_thread_blocked, id=616, stack(0x17ee0000,0x17f30000)]
  0x15246800 JavaThread "URL-Loader-1" daemon [_thread_blocked, id=7444, stack(0x17e90000,0x17ee0000)]
  0x15146400 JavaThread "Prism Font Disposer" daemon [_thread_blocked, id=6744, stack(0x16fa0000,0x16ff0000)]
  0x150e1000 JavaThread "Disposer" daemon [_thread_blocked, id=6644, stack(0x14cb0000,0x14d00000)]
  0x14fad400 JavaThread "Thread-3" daemon [_thread_in_native, id=7104, stack(0x14d40000,0x14d90000)]
  0x14fb1000 JavaThread "JavaFX-Launcher" [_thread_blocked, id=3552, stack(0x14b00000,0x14b50000)]
=>0x14fa1c00 JavaThread "JavaFX Application Thread" [_thread_in_native, id=2820, stack(0x14bd0000,0x14c20000)]
  0x14f8b000 JavaThread "Thread-1" daemon [_thread_blocked, id=6244, stack(0x14c30000,0x14c80000)]
  0x14448800 JavaThread "QuantumRenderer-0" daemon [_thread_blocked, id=464, stack(0x14a20000,0x14a70000)]
  0x142db000 JavaThread "Service Thread" daemon [_thread_blocked, id=6248, stack(0x01990000,0x019e0000)]
  0x142ac800 JavaThread "C1 CompilerThread0" daemon [_thread_blocked, id=1660, stack(0x14770000,0x147c0000)]
  0x142b9c00 JavaThread "Attach Listener" daemon [_thread_blocked, id=2384, stack(0x147e0000,0x14830000)]
  0x142b8c00 JavaThread "Signal Dispatcher" daemon [_thread_blocked, id=6612, stack(0x146e0000,0x14730000)]
  0x14298000 JavaThread "Finalizer" daemon [_thread_blocked, id=7680, stack(0x14620000,0x14670000)]
  0x14272800 JavaThread "Reference Handler" daemon [_thread_blocked, id=3572, stack(0x14590000,0x145e0000)]
  0x00b2b800 JavaThread "main" [_thread_blocked, id=7012, stack(0x00c60000,0x00cb0000)]

Other Threads:
  0x1426c400 VMThread [stack: 0x01a00000,0x01a50000] [id=7416]
  0x142b6000 WatcherThread [stack: 0x14a70000,0x14ac0000] [id=6384]

VM state:not at safepoint (normal execution)

VM Mutex/Monitor currently owned by a thread: None

Heap:
 def new generation   total 4992K, used 402K [0x03e00000, 0x04360000, 0x09350000)
  eden space 4480K,   0% used [0x03e00000, 0x03e09ec0, 0x04260000)
  from space 512K,  70% used [0x042e0000, 0x0433a980, 0x04360000)
  to   space 512K,   0% used [0x04260000, 0x04260000, 0x042e0000)
 tenured generation   total 19140K, used 15569K [0x09350000, 0x0a601000, 0x13e00000)
   the space 19140K,  81% used [0x09350000, 0x0a2847d8, 0x0a284800, 0x0a601000)
 Metaspace       used 10858K, capacity 11386K, committed 11392K, reserved 11648K

Card table byte_map: [0x00bb0000,0x00c40000] byte_map_base: 0x00b91000

Polling page: 0x001b0000

CodeCache: size=32768Kb used=1672Kb max_used=1672Kb free=31096Kb
 bounds [0x01dd0000, 0x01f78000, 0x03dd0000]
 total_blobs=1111 nmethods=713 adapters=329
 compilation: enabled

Compilation events (10 events):
Event: 7.145 Thread 0x142ac800  713             java.util.concurrent.locks.ReentrantLock$NonfairSync::lock (25 bytes)
Event: 7.146 Thread 0x142ac800 nmethod 713 0x01f6ea48 code [0x01f6eb70, 0x01f6ece0]
Event: 7.225 Thread 0x142ac800  714             java.util.EnumMap$EnumMapIterator::hasNext (64 bytes)
Event: 7.226 Thread 0x142ac800 nmethod 714 0x01f6ee08 code [0x01f6ef00, 0x01f6efe0]
Event: 7.247 Thread 0x142ac800  715  s!         com.sun.javafx.tk.Toolkit::getToolkit (250 bytes)
Event: 7.253 Thread 0x142ac800 nmethod 715 0x01f6f0c8 code [0x01f6f3b0, 0x01f6ffa0]
Event: 7.277 Thread 0x142ac800  716             java.net.URI$Parser::charAt (9 bytes)
Event: 7.278 Thread 0x142ac800 nmethod 716 0x01f71108 code [0x01f71210, 0x01f7133c]
Event: 7.293 Thread 0x142ac800  721  s          com.sun.webkit.Invoker::getInvoker (4 bytes)
Event: 7.293 Thread 0x142ac800 nmethod 721 0x01f71e48 code [0x01f71f40, 0x01f720f0]

GC Heap History (10 events):
Event: 0.803 GC heap before
{Heap before GC invocations=2 (full 0):
 def new generation   total 4928K, used 4748K [0x03e00000, 0x04350000, 0x09350000)
  eden space 4416K, 100% used [0x03e00000, 0x04250000, 0x04250000)
  from space 512K,  65% used [0x04250000, 0x042a3340, 0x042d0000)
  to   space 512K,   0% used [0x042d0000, 0x042d0000, 0x04350000)
 tenured generation   total 10944K, used 679K [0x09350000, 0x09e00000, 0x13e00000)
   the space 10944K,   6% used [0x09350000, 0x093f9f78, 0x093fa000, 0x09e00000)
 Metaspace       used 5905K, capacity 6207K, committed 6272K, reserved 6528K
Event: 0.810 GC heap after
Heap after GC invocations=3 (full 0):
 def new generation   total 4928K, used 512K [0x03e00000, 0x04350000, 0x09350000)
  eden space 4416K,   0% used [0x03e00000, 0x03e00000, 0x04250000)
  from space 512K, 100% used [0x042d0000, 0x04350000, 0x04350000)
  to   space 512K,   0% used [0x04250000, 0x04250000, 0x042d0000)
 tenured generation   total 10944K, used 1496K [0x09350000, 0x09e00000, 0x13e00000)
   the space 10944K,  13% used [0x09350000, 0x094c6260, 0x094c6400, 0x09e00000)
 Metaspace       used 5905K, capacity 6207K, committed 6272K, reserved 6528K
}
Event: 1.106 GC heap before
{Heap before GC invocations=3 (full 0):
 def new generation   total 4928K, used 4928K [0x03e00000, 0x04350000, 0x09350000)
  eden space 4416K, 100% used [0x03e00000, 0x04250000, 0x04250000)
  from space 512K, 100% used [0x042d0000, 0x04350000, 0x04350000)
  to   space 512K,   0% used [0x04250000, 0x04250000, 0x042d0000)
 tenured generation   total 10944K, used 1496K [0x09350000, 0x09e00000, 0x13e00000)
   the space 10944K,  13% used [0x09350000, 0x094c6260, 0x094c6400, 0x09e00000)
 Metaspace       used 7338K, capacity 7695K, committed 7808K, reserved 8576K
Event: 1.112 GC heap after
Heap after GC invocations=4 (full 0):
 def new generation   total 4928K, used 512K [0x03e00000, 0x04350000, 0x09350000)
  eden space 4416K,   0% used [0x03e00000, 0x03e00000, 0x04250000)
  from space 512K, 100% used [0x04250000, 0x042d0000, 0x042d0000)
  to   space 512K,   0% used [0x042d0000, 0x042d0000, 0x04350000)
 tenured generation   total 10944K, used 2066K [0x09350000, 0x09e00000, 0x13e00000)
   the space 10944K,  18% used [0x09350000, 0x09554ae0, 0x09554c00, 0x09e00000)
 Metaspace       used 7338K, capacity 7695K, committed 7808K, reserved 8576K
}
Event: 1.431 GC heap before
{Heap before GC invocations=4 (full 0):
 def new generation   total 4928K, used 4928K [0x03e00000, 0x04350000, 0x09350000)
  eden space 4416K, 100% used [0x03e00000, 0x04250000, 0x04250000)
  from space 512K, 100% used [0x04250000, 0x042d0000, 0x042d0000)
  to   space 512K,   0% used [0x042d0000, 0x042d0000, 0x04350000)
 tenured generation   total 10944K, used 2066K [0x09350000, 0x09e00000, 0x13e00000)
   the space 10944K,  18% used [0x09350000, 0x09554ae0, 0x09554c00, 0x09e00000)
 Metaspace       used 8409K, capacity 8798K, committed 8832K, reserved 9600K
Event: 1.435 GC heap after
Heap after GC invocations=5 (full 0):
 def new generation   total 4928K, used 258K [0x03e00000, 0x04350000, 0x09350000)
  eden space 4416K,   0% used [0x03e00000, 0x03e00000, 0x04250000)
  from space 512K,  50% used [0x042d0000, 0x043108b8, 0x04350000)
  to   space 512K,   0% used [0x04250000, 0x04250000, 0x042d0000)
 tenured generation   total 10944K, used 2564K [0x09350000, 0x09e00000, 0x13e00000)
   the space 10944K,  23% used [0x09350000, 0x095d12c0, 0x095d1400, 0x09e00000)
 Metaspace       used 8409K, capacity 8798K, committed 8832K, reserved 9600K
}
Event: 1.658 GC heap before
{Heap before GC invocations=5 (full 0):
 def new generation   total 4928K, used 4674K [0x03e00000, 0x04350000, 0x09350000)
  eden space 4416K, 100% used [0x03e00000, 0x04250000, 0x04250000)
  from space 512K,  50% used [0x042d0000, 0x043108b8, 0x04350000)
  to   space 512K,   0% used [0x04250000, 0x04250000, 0x042d0000)
 tenured generation   total 10944K, used 2564K [0x09350000, 0x09e00000, 0x13e00000)
   the space 10944K,  23% used [0x09350000, 0x095d12c0, 0x095d1400, 0x09e00000)
 Metaspace       used 9438K, capacity 9900K, committed 9984K, reserved 10624K
Event: 1.662 GC heap after
Heap after GC invocations=6 (full 0):
 def new generation   total 4928K, used 449K [0x03e00000, 0x04350000, 0x09350000)
  eden space 4416K,   0% used [0x03e00000, 0x03e00000, 0x04250000)
  from space 512K,  87% used [0x04250000, 0x042c06a8, 0x042d0000)
  to   space 512K,   0% used [0x042d0000, 0x042d0000, 0x04350000)
 tenured generation   total 10944K, used 2786K [0x09350000, 0x09e00000, 0x13e00000)
   the space 10944K,  25% used [0x09350000, 0x09608b28, 0x09608c00, 0x09e00000)
 Metaspace       used 9438K, capacity 9900K, committed 9984K, reserved 10624K
}
Event: 1.774 GC heap before
{Heap before GC invocations=6 (full 0):
 def new generation   total 4928K, used 4150K [0x03e00000, 0x04350000, 0x09350000)
  eden space 4416K,  83% used [0x03e00000, 0x0419d320, 0x04250000)
  from space 512K,  87% used [0x04250000, 0x042c06a8, 0x042d0000)
  to   space 512K,   0% used [0x042d0000, 0x042d0000, 0x04350000)
 tenured generation   total 10944K, used 2786K [0x09350000, 0x09e00000, 0x13e00000)
   the space 10944K,  25% used [0x09350000, 0x09608b28, 0x09608c00, 0x09e00000)
 Metaspace       used 9864K, capacity 10342K, committed 10368K, reserved 10624K
Event: 1.809 GC heap after
Heap after GC invocations=7 (full 1):
 def new generation   total 4992K, used 0K [0x03e00000, 0x04360000, 0x09350000)
  eden space 4480K,   0% used [0x03e00000, 0x03e00000, 0x04260000)
  from space 512K,   0% used [0x04260000, 0x04260000, 0x042e0000)
  to   space 512K,   0% used [0x042e0000, 0x042e0000, 0x04360000)
 tenured generation   total 10944K, used 5329K [0x09350000, 0x09e00000, 0x13e00000)
   the space 10944K,  48% used [0x09350000, 0x098847b8, 0x09884800, 0x09e00000)
 Metaspace       used 9864K, capacity 10342K, committed 10368K, reserved 10624K
}

Deoptimization events (0 events):
No events

Internal exceptions (10 events):
Event: 0.261 Thread 0x00b2b800 Exception <a 'java/lang/NullPointerException'> (0x04013e10) thrown at [C:\workspace\8-2-build-windows-i586-cygwin\jdk8u144\9417\hotspot\src\share\vm\interpreter\linkResolver.cpp, line 1197]
Event: 0.635 Thread 0x14fa1c00 Exception <a 'java/lang/NullPointerException'> (0x03e517f0) thrown at [C:\workspace\8-2-build-windows-i586-cygwin\jdk8u144\9417\hotspot\src\share\vm\interpreter\linkResolver.cpp, line 1197]
Event: 0.635 Thread 0x14fa1c00 Exception <a 'java/lang/NullPointerException'> (0x03e517f0) thrown at [C:\workspace\8-2-build-windows-i586-cygwin\jdk8u144\9417\hotspot\src\share\vm\prims\jvm.cpp, line 1394]
Event: 0.841 Thread 0x14fa1c00 Exception <a 'java/lang/ArrayIndexOutOfBoundsException': 58> (0x03e898f8) thrown at [C:\workspace\8-2-build-windows-i586-cygwin\jdk8u144\9417\hotspot\src\share\vm\interpreter\interpreterRuntime.cpp, line 366]
Event: 0.842 Thread 0x14fa1c00 Exception <a 'java/lang/ArrayIndexOutOfBoundsException'> (0x03e8a4a0) thrown at [C:\workspace\8-2-build-windows-i586-cygwin\jdk8u144\9417\hotspot\src\share\vm\runtime\sharedRuntime.cpp, line 605]
Event: 0.842 Thread 0x14fa1c00 Exception <a 'java/lang/ArrayIndexOutOfBoundsException'> (0x03e8b608) thrown at [C:\workspace\8-2-build-windows-i586-cygwin\jdk8u144\9417\hotspot\src\share\vm\runtime\sharedRuntime.cpp, line 605]
Event: 1.069 Thread 0x14fa1c00 Exception <a 'java/lang/ArrayIndexOutOfBoundsException'> (0x0418e950) thrown at [C:\workspace\8-2-build-windows-i586-cygwin\jdk8u144\9417\hotspot\src\share\vm\runtime\sharedRuntime.cpp, line 605]
Event: 1.075 Thread 0x14fa1c00 Exception <a 'java/lang/ArrayIndexOutOfBoundsException'> (0x041a4048) thrown at [C:\workspace\8-2-build-windows-i586-cygwin\jdk8u144\9417\hotspot\src\share\vm\runtime\sharedRuntime.cpp, line 605]
Event: 6.976 Thread 0x14fa1c00 Exception <a 'sun/nio/fs/WindowsException'> (0x04196728) thrown at [C:\workspace\8-2-build-windows-i586-cygwin\jdk8u144\9417\hotspot\src\share\vm\prims\jni.cpp, line 709]
Event: 6.980 Thread 0x14fa1c00 Exception <a 'sun/nio/fs/WindowsException'> (0x04198d88) thrown at [C:\workspace\8-2-build-windows-i586-cygwin\jdk8u144\9417\hotspot\src\share\vm\prims\jni.cpp, line 709]

Events (10 events):
Event: 7.285 Executing VM operation: Deoptimize
Event: 7.286 Executing VM operation: Deoptimize done
Event: 7.286 loading class sun/net/www/http/KeepAliveEntry
Event: 7.286 loading class sun/net/www/http/KeepAliveEntry done
Event: 7.289 loading class com/sun/webkit/network/URLLoader
Event: 7.289 loading class com/sun/webkit/network/URLLoader done
Event: 7.289 Executing VM operation: RevokeBias
Event: 7.289 Executing VM operation: RevokeBias done
Event: 7.293 Thread 0x152c4000 Thread added: 0x152c4000
Event: 7.294 Executing VM operation: GenCollectForAllocation


Dynamic libraries:
0x00ce0000 - 0x00d13000 	C:\Program Files\Java\jdk1.8.0_144\jre\bin\java.exe
0x77bd0000 - 0x77d12000 	C:\Windows\SYSTEM32\ntdll.dll
0x56910000 - 0x5693f000 	C:\Program Files\AVAST Software\Avast\aswhookx.dll
0x761f0000 - 0x762c5000 	C:\Windows\system32\kernel32.dll
0x75ce0000 - 0x75d2b000 	C:\Windows\system32\KERNELBASE.dll
0x76650000 - 0x766f1000 	C:\Windows\system32\ADVAPI32.dll
0x765a0000 - 0x7664c000 	C:\Windows\system32\msvcrt.dll
0x761d0000 - 0x761e9000 	C:\Windows\SYSTEM32\sechost.dll
0x77d70000 - 0x77e12000 	C:\Windows\system32\RPCRT4.dll
0x75e20000 - 0x75ee9000 	C:\Windows\system32\USER32.dll
0x77350000 - 0x7739e000 	C:\Windows\system32\GDI32.dll
0x761c0000 - 0x761ca000 	C:\Windows\system32\LPK.dll
0x777a0000 - 0x7783d000 	C:\Windows\system32\USP10.dll
0x748d0000 - 0x74a6e000 	C:\Windows\WinSxS\x86_microsoft.windows.common-controls_6595b64144ccf1df_6.0.7601.18837_none_41e855142bd5705d\COMCTL32.dll
0x778c0000 - 0x77917000 	C:\Windows\system32\SHLWAPI.dll
0x76580000 - 0x7659f000 	C:\Windows\system32\IMM32.DLL
0x760f0000 - 0x761bd000 	C:\Windows\system32\MSCTF.dll
0x54950000 - 0x54a0f000 	C:\Program Files\Java\jdk1.8.0_144\jre\bin\msvcr100.dll
0x54270000 - 0x5463e000 	C:\Program Files\Java\jdk1.8.0_144\jre\bin\client\jvm.dll
0x72730000 - 0x72737000 	C:\Windows\system32\WSOCK32.dll
0x77760000 - 0x77795000 	C:\Windows\system32\WS2_32.dll
0x77d60000 - 0x77d66000 	C:\Windows\system32\NSI.dll
0x73de0000 - 0x73e12000 	C:\Windows\system32\WINMM.dll
0x74f70000 - 0x74f79000 	C:\Windows\system32\VERSION.dll
0x77d20000 - 0x77d25000 	C:\Windows\system32\PSAPI.DLL
0x568a0000 - 0x568ac000 	C:\Program Files\Java\jdk1.8.0_144\jre\bin\verify.dll
0x548a0000 - 0x548c1000 	C:\Program Files\Java\jdk1.8.0_144\jre\bin\java.dll
0x55550000 - 0x55563000 	C:\Program Files\Java\jdk1.8.0_144\jre\bin\zip.dll
0x76700000 - 0x7734c000 	C:\Windows\system32\SHELL32.dll
0x77920000 - 0x77a7d000 	C:\Windows\system32\ole32.dll
0x75af0000 - 0x75afb000 	C:\Windows\system32\profapi.dll
0x14910000 - 0x149fe000 	C:\Program Files\Java\jdk1.8.0_144\jre\bin\msvcr120.dll
0x51670000 - 0x516e1000 	C:\Program Files\Java\jdk1.8.0_144\jre\bin\msvcp120.dll
0x59880000 - 0x5989e000 	C:\Program Files\Java\jdk1.8.0_144\jre\bin\prism_d3d.dll
0x657f0000 - 0x659b3000 	C:\Windows\system32\d3d9.dll
0x657e0000 - 0x657e6000 	C:\Windows\system32\d3d8thk.dll
0x74410000 - 0x74423000 	C:\Windows\system32\dwmapi.dll
0x5be10000 - 0x5be29000 	C:\Program Files\Java\jdk1.8.0_144\jre\bin\prism_sw.dll
0x50ef0000 - 0x50f23000 	C:\Program Files\Java\jdk1.8.0_144\jre\bin\glass.dll
0x77840000 - 0x778bb000 	C:\Windows\system32\COMDLG32.dll
0x773a0000 - 0x77431000 	C:\Windows\system32\OLEAUT32.dll
0x75a00000 - 0x75a0c000 	C:\Windows\system32\CRYPTBASE.dll
0x597e0000 - 0x597f1000 	C:\Program Files\Java\jdk1.8.0_144\jre\bin\javafx_font.dll
0x6d430000 - 0x6f5f1000 	C:\Program Files\Java\jdk1.8.0_144\jre\bin\jfxwebkit.dll
0x75510000 - 0x75527000 	C:\Windows\system32\CRYPTSP.dll
0x752a0000 - 0x752db000 	C:\Windows\system32\rsaenh.dll
0x659c0000 - 0x65af6000 	C:\Windows\system32\dwrite.dll
0x77680000 - 0x77703000 	C:\Windows\system32\CLBCatQ.DLL
0x742a0000 - 0x743d1000 	C:\Windows\system32\WindowsCodecs.dll
0x759b0000 - 0x759fc000 	C:\Windows\system32\apphelp.dll
0x700d0000 - 0x70225000 	C:\Program Files\AVAST Software\Avast\ashShell.dll
0x745b0000 - 0x74741000 	C:\Windows\WinSxS\x86_microsoft.windows.gdiplus_6595b64144ccf1df_1.1.7601.23894_none_5c0be957a009922e\gdiplus.dll
0x73820000 - 0x73823000 	C:\Windows\system32\api-ms-win-core-synch-l1-2-0.DLL
0x6fe80000 - 0x700c6000 	C:\Windows\system32\msi.dll
0x6fe40000 - 0x6fe71000 	C:\Windows\system32\EhStorShell.dll
0x75ef0000 - 0x7608d000 	C:\Windows\system32\SETUPAPI.dll
0x75d50000 - 0x75d77000 	C:\Windows\system32\CFGMGR32.dll
0x75b10000 - 0x75b22000 	C:\Windows\system32\DEVOBJ.dll
0x74790000 - 0x74885000 	C:\Windows\system32\PROPSYS.dll
0x6fdd0000 - 0x6fe3a000 	C:\Windows\System32\cscui.dll
0x6fdc0000 - 0x6fdc9000 	C:\Windows\System32\CSCDLL.dll
0x6fdb0000 - 0x6fdbb000 	C:\Windows\system32\CSCAPI.dll
0x6fd40000 - 0x6fdb0000 	C:\Windows\system32\ntshrui.dll
0x75900000 - 0x75919000 	C:\Windows\system32\srvcli.dll
0x73670000 - 0x7367a000 	C:\Windows\system32\slc.dll
0x50f30000 - 0x50f51000 	C:\Program Files\Common Files\Microsoft Shared\Ink\rtscom.dll
0x73b00000 - 0x73b0f000 	C:\Program Files\Java\jdk1.8.0_144\jre\bin\prism_common.dll
0x54880000 - 0x54896000 	C:\Program Files\Java\jdk1.8.0_144\jre\bin\net.dll
0x754d0000 - 0x7550c000 	C:\Windows\system32\mswsock.dll
0x754c0000 - 0x754c6000 	C:\Windows\System32\wship6.dll
0x551b0000 - 0x551bf000 	C:\Program Files\Java\jdk1.8.0_144\jre\bin\nio.dll
0x75000000 - 0x75005000 	C:\Windows\System32\wshtcpip.dll
0x75390000 - 0x753d4000 	C:\Windows\system32\DNSAPI.dll
0x65750000 - 0x65771000 	C:\Program Files\Bonjour\mdnsNSP.dll
0x73570000 - 0x7358c000 	C:\Windows\system32\Iphlpapi.DLL
0x73560000 - 0x73567000 	C:\Windows\system32\WINNSI.DLL
0x69ca0000 - 0x69ca6000 	C:\Windows\system32\rasadhlp.dll
0x734e0000 - 0x73518000 	C:\Windows\System32\fwpuclnt.dll
0x6f990000 - 0x6fa7b000 	C:\Windows\system32\dbghelp.dll

VM Arguments:
jvm_args: -Dfile.encoding=UTF-8 
java_command: C:\Users\Xremix30\Documents\NetBeansProjects\SkyBrowser\dist\run1321962604\SkyBrowser.jar
java_class_path (initial): C:\Users\Xremix30\Documents\NetBeansProjects\SkyBrowser\dist\run1321962604\SkyBrowser.jar
Launcher Type: SUN_STANDARD

Environment Variables:
PATH=C:\ProgramData\Oracle\Java\javapath;C:\Windows\system32;C:\Windows;C:\Windows\System32\Wbem;C:\Windows\System32\WindowsPowerShell\v1.0\
USERNAME=Xremix30
OS=Windows_NT
PROCESSOR_IDENTIFIER=x86 Family 6 Model 14 Stepping 12, GenuineIntel



---------------  S Y S T E M  ---------------

OS: Windows 7 Build 7601 (6.1.7601.23889)

CPU:total 2 (initial active 2) (2 cores per cpu, 1 threads per core) family 6 model 14 stepping 12, cmov, cx8, fxsr, mmx, sse, sse2, sse3, tsc

Memory: 4k page, physical 3530168k(913068k free), swap 7058620k(3282144k free)

vm_info: Java HotSpot(TM) Client VM (25.144-b01) for windows-x86 JRE (1.8.0_144-b01), built on Jul 21 2017 21:58:05 by "java_re" with MS VC++ 10.0 (VS2010)

time: Tue Nov 21 16:17:26 2017
elapsed time: 7 seconds (0d 0h 0m 7s)

