#
# A fatal error has been detected by the Java Runtime Environment:
#
#  EXCEPTION_ACCESS_VIOLATION (0xc0000005) at pc=0x6d7225dc, pid=6512, tid=0x00001aa8
#
# JRE version: Java(TM) SE Runtime Environment (8.0_144-b01) (build 1.8.0_144-b01)
# Java VM: Java HotSpot(TM) Client VM (25.144-b01 mixed mode windows-x86 )
# Problematic frame:
# C  [jfxwebkit.dll+0x3f25dc]
#
# Failed to write core dump. Minidumps are not enabled by default on client versions of Windows
#
# If you would like to submit a bug report, please visit:
#   http://bugreport.java.com/bugreport/crash.jsp
# The crash happened outside the Java Virtual Machine in native code.
# See problematic frame for where to report the bug.
#

---------------  T H R E A D  ---------------

Current thread (0x14a5f000):  JavaThread "JavaFX Application Thread" [_thread_in_native, id=6824, stack(0x150a0000,0x150f0000)]

siginfo: ExceptionCode=0xc0000005, reading address 0x00000599

Registers:
EAX=0x150eecd8, EBX=0x001ac2b0, ECX=0x00000000, EDX=0x001845e8
ESP=0x150eeb8c, EBP=0x150eebdc, ESI=0x150eecd8, EDI=0x150eecd8
EIP=0x6d7225dc, EFLAGS=0x00210202

Top of Stack: (sp=0x150eeb8c)
0x150eeb8c:   150eee34 001ac2b0 00000000 ffffffff
0x150eeb9c:   ffffffff 00000000 ffff0000 6f3e610d
0x150eebac:   000c7518 150eec00 17ac66e0 150eebd4
0x150eebbc:   6d737af9 00000000 150eecd8 00000000
0x150eebcc:   00000000 00000000 150eeca8 009a0932
0x150eebdc:   150eeca8 6d724ebb 150eecd8 010eee34
0x150eebec:   001ac2b0 001ac2b0 14a5f140 00178238
0x150eebfc:   77c22a9b 00000004 00000007 00000007 

Instructions: (pc=0x6d7225dc)
0x6d7225bc:   08 56 8d 8b 48 01 00 00 e8 57 86 fd ff 80 7d 0f
0x6d7225cc:   00 5f 74 45 8b ce e8 19 7c 10 00 8b 4b 10 8b f0
0x6d7225dc:   80 b9 99 05 00 00 00 75 12 8b 4b 0c 85 c9 74 03
0x6d7225ec:   83 c1 50 8b 49 04 8b 01 ff 50 50 68 0c 34 22 6e 


Register to memory mapping:

EAX=0x150eecd8 is pointing into the stack for thread: 0x14a5f000
EBX=0x001ac2b0 is an unknown value
ECX=0x00000000 is an unknown value
EDX=0x001845e8 is an unknown value
ESP=0x150eeb8c is pointing into the stack for thread: 0x14a5f000
EBP=0x150eebdc is pointing into the stack for thread: 0x14a5f000
ESI=0x150eecd8 is pointing into the stack for thread: 0x14a5f000
EDI=0x150eecd8 is pointing into the stack for thread: 0x14a5f000


Stack: [0x150a0000,0x150f0000],  sp=0x150eeb8c,  free space=314k
Native frames: (J=compiled Java code, j=interpreted, Vv=VM code, C=native code)
C  [jfxwebkit.dll+0x3f25dc]
C  [jfxwebkit.dll+0x3f4ebb]
C  [jfxwebkit.dll+0x3f243f]
C  [jfxwebkit.dll+0x757863]
C  [jfxwebkit.dll+0x757c7e]
j  com.sun.webkit.network.URLLoader.twkWillSendRequest(Ljava/lang/String;Ljava/lang/String;ILjava/lang/String;Ljava/lang/String;JLjava/lang/String;Ljava/lang/String;J)Z+0
j  com.sun.webkit.network.URLLoader.notifyWillSendRequest(Ljava/lang/String;Ljava/lang/String;ILjava/lang/String;Ljava/lang/String;JLjava/lang/String;Ljava/lang/String;)Z+107
j  com.sun.webkit.network.URLLoader.lambda$willSendRequest$100(Ljava/lang/String;Ljava/lang/String;ILjava/lang/String;Ljava/lang/String;JLjava/lang/String;Ljava/lang/String;Ljava/util/concurrent/CountDownLatch;)V+21
j  com.sun.webkit.network.URLLoader$$Lambda$201.run()V+40
j  com.sun.javafx.application.PlatformImpl.lambda$null$173(Ljava/lang/Runnable;)Ljava/lang/Void;+1
j  com.sun.javafx.application.PlatformImpl$$Lambda$51.run()Ljava/lang/Object;+4
v  ~StubRoutines::call_stub
V  [jvm.dll+0x15af45]
V  [jvm.dll+0x2213ae]
V  [jvm.dll+0x15afde]
V  [jvm.dll+0x10b2cf]
C  [java.dll+0x102f]
j  com.sun.javafx.application.PlatformImpl.lambda$runLater$174(Ljava/lang/Runnable;Ljava/security/AccessControlContext;)V+7
j  com.sun.javafx.application.PlatformImpl$$Lambda$49.run()V+8
j  com.sun.glass.ui.InvokeLaterDispatcher$Future.run()V+4
v  ~StubRoutines::call_stub
V  [jvm.dll+0x15af45]
V  [jvm.dll+0x2213ae]
V  [jvm.dll+0x15afde]
V  [jvm.dll+0xdcdcb]
V  [jvm.dll+0xdfd5c]
C  [glass.dll+0x46fc]

Java frames: (J=compiled Java code, j=interpreted, Vv=VM code)
j  com.sun.webkit.network.URLLoader.twkWillSendRequest(Ljava/lang/String;Ljava/lang/String;ILjava/lang/String;Ljava/lang/String;JLjava/lang/String;Ljava/lang/String;J)Z+0
j  com.sun.webkit.network.URLLoader.notifyWillSendRequest(Ljava/lang/String;Ljava/lang/String;ILjava/lang/String;Ljava/lang/String;JLjava/lang/String;Ljava/lang/String;)Z+107
j  com.sun.webkit.network.URLLoader.lambda$willSendRequest$100(Ljava/lang/String;Ljava/lang/String;ILjava/lang/String;Ljava/lang/String;JLjava/lang/String;Ljava/lang/String;Ljava/util/concurrent/CountDownLatch;)V+21
j  com.sun.webkit.network.URLLoader$$Lambda$201.run()V+40
j  com.sun.javafx.application.PlatformImpl.lambda$null$173(Ljava/lang/Runnable;)Ljava/lang/Void;+1
j  com.sun.javafx.application.PlatformImpl$$Lambda$51.run()Ljava/lang/Object;+4
v  ~StubRoutines::call_stub
J 638  java.security.AccessController.doPrivileged(Ljava/security/PrivilegedAction;Ljava/security/AccessControlContext;)Ljava/lang/Object; (0 bytes) @ 0x01d8da47 [0x01d8d9e0+0x67]
j  com.sun.javafx.application.PlatformImpl.lambda$runLater$174(Ljava/lang/Runnable;Ljava/security/AccessControlContext;)V+7
j  com.sun.javafx.application.PlatformImpl$$Lambda$49.run()V+8
j  com.sun.glass.ui.InvokeLaterDispatcher$Future.run()V+4
v  ~StubRoutines::call_stub
j  com.sun.glass.ui.win.WinApplication._runLoop(Ljava/lang/Runnable;)V+0
j  com.sun.glass.ui.win.WinApplication.lambda$null$148(ILjava/lang/Runnable;)V+8
j  com.sun.glass.ui.win.WinApplication$$Lambda$39.run()V+12
j  java.lang.Thread.run()V+11
v  ~StubRoutines::call_stub

---------------  P R O C E S S  ---------------

Java Threads: ( => current thread )
  0x14d0d000 JavaThread "URL-Loader-3" daemon [_thread_in_vm, id=632, stack(0x181b0000,0x18200000)]
  0x143b3000 JavaThread "Keep-Alive-Timer" daemon [_thread_blocked, id=3816, stack(0x17c90000,0x17ce0000)]
  0x143b0800 JavaThread "URL-Loader-2" daemon [_thread_blocked, id=6360, stack(0x17ec0000,0x17f10000)]
  0x143afc00 JavaThread "URL-Loader-1" daemon [_thread_in_native, id=6876, stack(0x179b0000,0x17a00000)]
  0x14c13400 JavaThread "Prism Font Disposer" daemon [_thread_blocked, id=3564, stack(0x17030000,0x17080000)]
  0x14b60800 JavaThread "Disposer" daemon [_thread_blocked, id=1116, stack(0x15750000,0x157a0000)]
  0x14a79c00 JavaThread "Thread-3" daemon [_thread_in_native, id=7896, stack(0x15180000,0x151d0000)]
  0x14a76000 JavaThread "JavaFX-Launcher" [_thread_blocked, id=7300, stack(0x14890000,0x148e0000)]
=>0x14a5f000 JavaThread "JavaFX Application Thread" [_thread_in_native, id=6824, stack(0x150a0000,0x150f0000)]
  0x14a4d000 JavaThread "Thread-1" daemon [_thread_blocked, id=7096, stack(0x14f30000,0x14f80000)]
  0x14457400 JavaThread "QuantumRenderer-0" daemon [_thread_blocked, id=6388, stack(0x14ea0000,0x14ef0000)]
  0x142b3000 JavaThread "Service Thread" daemon [_thread_blocked, id=728, stack(0x14640000,0x14690000)]
  0x142ac800 JavaThread "C1 CompilerThread0" daemon [_thread_in_vm, id=2252, stack(0x14800000,0x14850000)]
  0x142b9c00 JavaThread "Attach Listener" daemon [_thread_blocked, id=2100, stack(0x03db0000,0x03e00000)]
  0x142b8c00 JavaThread "Signal Dispatcher" daemon [_thread_blocked, id=6936, stack(0x14770000,0x147c0000)]
  0x14298000 JavaThread "Finalizer" daemon [_thread_blocked, id=1204, stack(0x14500000,0x14550000)]
  0x14272800 JavaThread "Reference Handler" daemon [_thread_blocked, id=3000, stack(0x03cb0000,0x03d00000)]
  0x0120b800 JavaThread "main" [_thread_blocked, id=6320, stack(0x01890000,0x018e0000)]

Other Threads:
  0x1426c400 VMThread [stack: 0x03d50000,0x03da0000] [id=7560]
  0x142b5000 WatcherThread [stack: 0x14900000,0x14950000] [id=1228]

VM state:not at safepoint (normal execution)

VM Mutex/Monitor currently owned by a thread: None

Heap:
 def new generation   total 4992K, used 1145K [0x03e00000, 0x04360000, 0x09350000)
  eden space 4480K,  20% used [0x03e00000, 0x03ee0800, 0x04260000)
  from space 512K,  48% used [0x042e0000, 0x0431de78, 0x04360000)
  to   space 512K,   0% used [0x04260000, 0x04260000, 0x042e0000)
 tenured generation   total 19140K, used 15571K [0x09350000, 0x0a601000, 0x13e00000)
   the space 19140K,  81% used [0x09350000, 0x0a284f80, 0x0a285000, 0x0a601000)
 Metaspace       used 11004K, capacity 11542K, committed 11648K, reserved 11648K

Card table byte_map: [0x03c10000,0x03ca0000] byte_map_base: 0x03bf1000

Polling page: 0x00380000

CodeCache: size=32768Kb used=1671Kb max_used=1672Kb free=31096Kb
 bounds [0x01c10000, 0x01db8000, 0x03c10000]
 total_blobs=1147 nmethods=747 adapters=331
 compilation: enabled

Compilation events (10 events):
Event: 12.011 Thread 0x142ac800 nmethod 741 0x01dabb08 code [0x01dabc00, 0x01dabc80]
Event: 12.012 Thread 0x142ac800  742             javafx.geometry.Point3D::getZ (5 bytes)
Event: 12.012 Thread 0x142ac800 nmethod 742 0x01dabcc8 code [0x01dabdc0, 0x01dabe40]
Event: 12.059 Thread 0x142ac800  743             javafx.scene.CssStyleHelper::handleNoStyleFound (88 bytes)
Event: 12.060 Thread 0x142ac800 nmethod 743 0x01dabe88 code [0x01dabfc0, 0x01dac160]
Event: 12.061 Thread 0x142ac800  744             javafx.css.CssMetaData::hashCode (28 bytes)
Event: 12.061 Thread 0x142ac800 nmethod 744 0x01dac2c8 code [0x01dac3d0, 0x01dac47c]
Event: 12.259 Thread 0x142ac800  749             jdk.internal.org.objectweb.asm.AnnotationWriter::put (109 bytes)
Event: 12.260 Thread 0x142ac800 nmethod 749 0x01dacf08 code [0x01dad040, 0x01dad1e0]
Event: 12.265 Thread 0x142ac800  750             javafx.scene.Node::transformedBoundsChanged (43 bytes)

GC Heap History (10 events):
Event: 1.094 GC heap before
{Heap before GC invocations=3 (full 0):
 def new generation   total 4928K, used 4928K [0x03e00000, 0x04350000, 0x09350000)
  eden space 4416K, 100% used [0x03e00000, 0x04250000, 0x04250000)
  from space 512K, 100% used [0x042d0000, 0x04350000, 0x04350000)
  to   space 512K,   0% used [0x04250000, 0x04250000, 0x042d0000)
 tenured generation   total 10944K, used 1494K [0x09350000, 0x09e00000, 0x13e00000)
   the space 10944K,  13% used [0x09350000, 0x094c5a40, 0x094c5c00, 0x09e00000)
 Metaspace       used 7336K, capacity 7695K, committed 7808K, reserved 8576K
Event: 1.102 GC heap after
Heap after GC invocations=4 (full 0):
 def new generation   total 4928K, used 512K [0x03e00000, 0x04350000, 0x09350000)
  eden space 4416K,   0% used [0x03e00000, 0x03e00000, 0x04250000)
  from space 512K, 100% used [0x04250000, 0x042d0000, 0x042d0000)
  to   space 512K,   0% used [0x042d0000, 0x042d0000, 0x04350000)
 tenured generation   total 10944K, used 2066K [0x09350000, 0x09e00000, 0x13e00000)
   the space 10944K,  18% used [0x09350000, 0x09554bb0, 0x09554c00, 0x09e00000)
 Metaspace       used 7336K, capacity 7695K, committed 7808K, reserved 8576K
}
Event: 1.401 GC heap before
{Heap before GC invocations=4 (full 0):
 def new generation   total 4928K, used 4928K [0x03e00000, 0x04350000, 0x09350000)
  eden space 4416K, 100% used [0x03e00000, 0x04250000, 0x04250000)
  from space 512K, 100% used [0x04250000, 0x042d0000, 0x042d0000)
  to   space 512K,   0% used [0x042d0000, 0x042d0000, 0x04350000)
 tenured generation   total 10944K, used 2066K [0x09350000, 0x09e00000, 0x13e00000)
   the space 10944K,  18% used [0x09350000, 0x09554bb0, 0x09554c00, 0x09e00000)
 Metaspace       used 8409K, capacity 8798K, committed 8832K, reserved 9600K
Event: 1.406 GC heap after
Heap after GC invocations=5 (full 0):
 def new generation   total 4928K, used 258K [0x03e00000, 0x04350000, 0x09350000)
  eden space 4416K,   0% used [0x03e00000, 0x03e00000, 0x04250000)
  from space 512K,  50% used [0x042d0000, 0x04310970, 0x04350000)
  to   space 512K,   0% used [0x04250000, 0x04250000, 0x042d0000)
 tenured generation   total 10944K, used 2564K [0x09350000, 0x09e00000, 0x13e00000)
   the space 10944K,  23% used [0x09350000, 0x095d11d0, 0x095d1200, 0x09e00000)
 Metaspace       used 8409K, capacity 8798K, committed 8832K, reserved 9600K
}
Event: 1.624 GC heap before
{Heap before GC invocations=5 (full 0):
 def new generation   total 4928K, used 4674K [0x03e00000, 0x04350000, 0x09350000)
  eden space 4416K, 100% used [0x03e00000, 0x04250000, 0x04250000)
  from space 512K,  50% used [0x042d0000, 0x04310970, 0x04350000)
  to   space 512K,   0% used [0x04250000, 0x04250000, 0x042d0000)
 tenured generation   total 10944K, used 2564K [0x09350000, 0x09e00000, 0x13e00000)
   the space 10944K,  23% used [0x09350000, 0x095d11d0, 0x095d1200, 0x09e00000)
 Metaspace       used 9384K, capacity 9833K, committed 9856K, reserved 10624K
Event: 1.630 GC heap after
Heap after GC invocations=6 (full 0):
 def new generation   total 4928K, used 423K [0x03e00000, 0x04350000, 0x09350000)
  eden space 4416K,   0% used [0x03e00000, 0x03e00000, 0x04250000)
  from space 512K,  82% used [0x04250000, 0x042b9ce8, 0x042d0000)
  to   space 512K,   0% used [0x042d0000, 0x042d0000, 0x04350000)
 tenured generation   total 10944K, used 2786K [0x09350000, 0x09e00000, 0x13e00000)
   the space 10944K,  25% used [0x09350000, 0x09608af0, 0x09608c00, 0x09e00000)
 Metaspace       used 9384K, capacity 9833K, committed 9856K, reserved 10624K
}
Event: 1.741 GC heap before
{Heap before GC invocations=6 (full 0):
 def new generation   total 4928K, used 4135K [0x03e00000, 0x04350000, 0x09350000)
  eden space 4416K,  84% used [0x03e00000, 0x041a0058, 0x04250000)
  from space 512K,  82% used [0x04250000, 0x042b9ce8, 0x042d0000)
  to   space 512K,   0% used [0x042d0000, 0x042d0000, 0x04350000)
 tenured generation   total 10944K, used 2786K [0x09350000, 0x09e00000, 0x13e00000)
   the space 10944K,  25% used [0x09350000, 0x09608af0, 0x09608c00, 0x09e00000)
 Metaspace       used 9870K, capacity 10376K, committed 10496K, reserved 10624K
Event: 1.772 GC heap after
Heap after GC invocations=7 (full 1):
 def new generation   total 4992K, used 0K [0x03e00000, 0x04360000, 0x09350000)
  eden space 4480K,   0% used [0x03e00000, 0x03e00000, 0x04260000)
  from space 512K,   0% used [0x04260000, 0x04260000, 0x042e0000)
  to   space 512K,   0% used [0x042e0000, 0x042e0000, 0x04360000)
 tenured generation   total 10944K, used 5331K [0x09350000, 0x09e00000, 0x13e00000)
   the space 10944K,  48% used [0x09350000, 0x09884f60, 0x09885000, 0x09e00000)
 Metaspace       used 9870K, capacity 10376K, committed 10496K, reserved 10624K
}
Event: 11.801 GC heap before
{Heap before GC invocations=7 (full 1):
 def new generation   total 4992K, used 4480K [0x03e00000, 0x04360000, 0x09350000)
  eden space 4480K, 100% used [0x03e00000, 0x04260000, 0x04260000)
  from space 512K,   0% used [0x04260000, 0x04260000, 0x042e0000)
  to   space 512K,   0% used [0x042e0000, 0x042e0000, 0x04360000)
 tenured generation   total 19140K, used 13523K [0x09350000, 0x0a601000, 0x13e00000)
   the space 19140K,  70% used [0x09350000, 0x0a084f70, 0x0a085000, 0x0a601000)
 Metaspace       used 10533K, capacity 11074K, committed 11136K, reserved 11648K
Event: 11.807 GC heap after
Heap after GC invocations=8 (full 1):
 def new generation   total 4992K, used 247K [0x03e00000, 0x04360000, 0x09350000)
  eden space 4480K,   0% used [0x03e00000, 0x03e00000, 0x04260000)
  from space 512K,  48% used [0x042e0000, 0x0431de78, 0x04360000)
  to   space 512K,   0% used [0x04260000, 0x04260000, 0x042e0000)
 tenured generation   total 19140K, used 15571K [0x09350000, 0x0a601000, 0x13e00000)
   the space 19140K,  81% used [0x09350000, 0x0a284f80, 0x0a285000, 0x0a601000)
 Metaspace       used 10533K, capacity 11074K, committed 11136K, reserved 11648K
}

Deoptimization events (0 events):
No events

Internal exceptions (10 events):
Event: 0.272 Thread 0x0120b800 Exception <a 'java/lang/NullPointerException'> (0x04013de0) thrown at [C:\workspace\8-2-build-windows-i586-cygwin\jdk8u144\9417\hotspot\src\share\vm\interpreter\linkResolver.cpp, line 1197]
Event: 0.636 Thread 0x14a5f000 Exception <a 'java/lang/NullPointerException'> (0x03e517b0) thrown at [C:\workspace\8-2-build-windows-i586-cygwin\jdk8u144\9417\hotspot\src\share\vm\interpreter\linkResolver.cpp, line 1197]
Event: 0.636 Thread 0x14a5f000 Exception <a 'java/lang/NullPointerException'> (0x03e517b0) thrown at [C:\workspace\8-2-build-windows-i586-cygwin\jdk8u144\9417\hotspot\src\share\vm\prims\jvm.cpp, line 1394]
Event: 0.828 Thread 0x14a5f000 Exception <a 'java/lang/ArrayIndexOutOfBoundsException'> (0x03e8a738) thrown at [C:\workspace\8-2-build-windows-i586-cygwin\jdk8u144\9417\hotspot\src\share\vm\runtime\sharedRuntime.cpp, line 605]
Event: 0.829 Thread 0x14a5f000 Exception <a 'java/lang/ArrayIndexOutOfBoundsException'> (0x03e8b2e0) thrown at [C:\workspace\8-2-build-windows-i586-cygwin\jdk8u144\9417\hotspot\src\share\vm\runtime\sharedRuntime.cpp, line 605]
Event: 0.830 Thread 0x14a5f000 Exception <a 'java/lang/ArrayIndexOutOfBoundsException'> (0x03e8c448) thrown at [C:\workspace\8-2-build-windows-i586-cygwin\jdk8u144\9417\hotspot\src\share\vm\runtime\sharedRuntime.cpp, line 605]
Event: 1.054 Thread 0x14a5f000 Exception <a 'java/lang/ArrayIndexOutOfBoundsException'> (0x0418faa8) thrown at [C:\workspace\8-2-build-windows-i586-cygwin\jdk8u144\9417\hotspot\src\share\vm\runtime\sharedRuntime.cpp, line 605]
Event: 1.060 Thread 0x14a5f000 Exception <a 'java/lang/ArrayIndexOutOfBoundsException'> (0x041a51a8) thrown at [C:\workspace\8-2-build-windows-i586-cygwin\jdk8u144\9417\hotspot\src\share\vm\runtime\sharedRuntime.cpp, line 605]
Event: 11.774 Thread 0x14a5f000 Exception <a 'sun/nio/fs/WindowsException'> (0x0421dc50) thrown at [C:\workspace\8-2-build-windows-i586-cygwin\jdk8u144\9417\hotspot\src\share\vm\prims\jni.cpp, line 709]
Event: 11.779 Thread 0x14a5f000 Exception <a 'sun/nio/fs/WindowsException'> (0x042202b0) thrown at [C:\workspace\8-2-build-windows-i586-cygwin\jdk8u144\9417\hotspot\src\share\vm\prims\jni.cpp, line 709]

Events (10 events):
Event: 12.253 Thread 0x143b3000 Thread added: 0x143b3000
Event: 12.253 loading class sun/net/www/http/ClientVector
Event: 12.254 loading class sun/net/www/http/ClientVector done
Event: 12.254 Executing VM operation: Deoptimize
Event: 12.254 Executing VM operation: Deoptimize done
Event: 12.254 loading class sun/net/www/http/KeepAliveEntry
Event: 12.255 loading class sun/net/www/http/KeepAliveEntry done
Event: 12.257 loading class com/sun/webkit/network/URLLoader
Event: 12.257 loading class com/sun/webkit/network/URLLoader done
Event: 12.265 Thread 0x14d0d000 Thread added: 0x14d0d000


Dynamic libraries:
0x01340000 - 0x01373000 	C:\Program Files\Java\jdk1.8.0_144\jre\bin\java.exe
0x77bd0000 - 0x77d12000 	C:\Windows\SYSTEM32\ntdll.dll
0x56910000 - 0x5693f000 	C:\Program Files\AVAST Software\Avast\aswhookx.dll
0x761f0000 - 0x762c5000 	C:\Windows\system32\kernel32.dll
0x75ce0000 - 0x75d2b000 	C:\Windows\system32\KERNELBASE.dll
0x76650000 - 0x766f1000 	C:\Windows\system32\ADVAPI32.dll
0x765a0000 - 0x7664c000 	C:\Windows\system32\msvcrt.dll
0x761d0000 - 0x761e9000 	C:\Windows\SYSTEM32\sechost.dll
0x77d70000 - 0x77e12000 	C:\Windows\system32\RPCRT4.dll
0x75e20000 - 0x75ee9000 	C:\Windows\system32\USER32.dll
0x77350000 - 0x7739e000 	C:\Windows\system32\GDI32.dll
0x761c0000 - 0x761ca000 	C:\Windows\system32\LPK.dll
0x777a0000 - 0x7783d000 	C:\Windows\system32\USP10.dll
0x748d0000 - 0x74a6e000 	C:\Windows\WinSxS\x86_microsoft.windows.common-controls_6595b64144ccf1df_6.0.7601.18837_none_41e855142bd5705d\COMCTL32.dll
0x778c0000 - 0x77917000 	C:\Windows\system32\SHLWAPI.dll
0x76580000 - 0x7659f000 	C:\Windows\system32\IMM32.DLL
0x760f0000 - 0x761bd000 	C:\Windows\system32\MSCTF.dll
0x54950000 - 0x54a0f000 	C:\Program Files\Java\jdk1.8.0_144\jre\bin\msvcr100.dll
0x54270000 - 0x5463e000 	C:\Program Files\Java\jdk1.8.0_144\jre\bin\client\jvm.dll
0x72730000 - 0x72737000 	C:\Windows\system32\WSOCK32.dll
0x77760000 - 0x77795000 	C:\Windows\system32\WS2_32.dll
0x77d60000 - 0x77d66000 	C:\Windows\system32\NSI.dll
0x73de0000 - 0x73e12000 	C:\Windows\system32\WINMM.dll
0x74f70000 - 0x74f79000 	C:\Windows\system32\VERSION.dll
0x77d20000 - 0x77d25000 	C:\Windows\system32\PSAPI.DLL
0x568a0000 - 0x568ac000 	C:\Program Files\Java\jdk1.8.0_144\jre\bin\verify.dll
0x548a0000 - 0x548c1000 	C:\Program Files\Java\jdk1.8.0_144\jre\bin\java.dll
0x55550000 - 0x55563000 	C:\Program Files\Java\jdk1.8.0_144\jre\bin\zip.dll
0x76700000 - 0x7734c000 	C:\Windows\system32\SHELL32.dll
0x77920000 - 0x77a7d000 	C:\Windows\system32\ole32.dll
0x75af0000 - 0x75afb000 	C:\Windows\system32\profapi.dll
0x14950000 - 0x14a3e000 	C:\Program Files\Java\jdk1.8.0_144\jre\bin\msvcr120.dll
0x14460000 - 0x144d1000 	C:\Program Files\Java\jdk1.8.0_144\jre\bin\msvcp120.dll
0x59880000 - 0x5989e000 	C:\Program Files\Java\jdk1.8.0_144\jre\bin\prism_d3d.dll
0x657f0000 - 0x659b3000 	C:\Windows\system32\d3d9.dll
0x657e0000 - 0x657e6000 	C:\Windows\system32\d3d8thk.dll
0x74410000 - 0x74423000 	C:\Windows\system32\dwmapi.dll
0x5be10000 - 0x5be29000 	C:\Program Files\Java\jdk1.8.0_144\jre\bin\prism_sw.dll
0x51180000 - 0x511b3000 	C:\Program Files\Java\jdk1.8.0_144\jre\bin\glass.dll
0x77840000 - 0x778bb000 	C:\Windows\system32\COMDLG32.dll
0x773a0000 - 0x77431000 	C:\Windows\system32\OLEAUT32.dll
0x75a00000 - 0x75a0c000 	C:\Windows\system32\CRYPTBASE.dll
0x597e0000 - 0x597f1000 	C:\Program Files\Java\jdk1.8.0_144\jre\bin\javafx_font.dll
0x6d330000 - 0x6f4f1000 	C:\Program Files\Java\jdk1.8.0_144\jre\bin\jfxwebkit.dll
0x75510000 - 0x75527000 	C:\Windows\system32\CRYPTSP.dll
0x752a0000 - 0x752db000 	C:\Windows\system32\rsaenh.dll
0x659c0000 - 0x65af6000 	C:\Windows\system32\dwrite.dll
0x77680000 - 0x77703000 	C:\Windows\system32\CLBCatQ.DLL
0x742a0000 - 0x743d1000 	C:\Windows\system32\WindowsCodecs.dll
0x759b0000 - 0x759fc000 	C:\Windows\system32\apphelp.dll
0x700d0000 - 0x70225000 	C:\Program Files\AVAST Software\Avast\ashShell.dll
0x745b0000 - 0x74741000 	C:\Windows\WinSxS\x86_microsoft.windows.gdiplus_6595b64144ccf1df_1.1.7601.23894_none_5c0be957a009922e\gdiplus.dll
0x73820000 - 0x73823000 	C:\Windows\system32\api-ms-win-core-synch-l1-2-0.DLL
0x6fe80000 - 0x700c6000 	C:\Windows\system32\msi.dll
0x6fe40000 - 0x6fe71000 	C:\Windows\system32\EhStorShell.dll
0x75ef0000 - 0x7608d000 	C:\Windows\system32\SETUPAPI.dll
0x75d50000 - 0x75d77000 	C:\Windows\system32\CFGMGR32.dll
0x75b10000 - 0x75b22000 	C:\Windows\system32\DEVOBJ.dll
0x74790000 - 0x74885000 	C:\Windows\system32\PROPSYS.dll
0x6fdd0000 - 0x6fe3a000 	C:\Windows\System32\cscui.dll
0x6fdc0000 - 0x6fdc9000 	C:\Windows\System32\CSCDLL.dll
0x6fdb0000 - 0x6fdbb000 	C:\Windows\system32\CSCAPI.dll
0x6fd40000 - 0x6fdb0000 	C:\Windows\system32\ntshrui.dll
0x75900000 - 0x75919000 	C:\Windows\system32\srvcli.dll
0x73670000 - 0x7367a000 	C:\Windows\system32\slc.dll
0x50f30000 - 0x50f51000 	C:\Program Files\Common Files\Microsoft Shared\Ink\rtscom.dll
0x73b00000 - 0x73b0f000 	C:\Program Files\Java\jdk1.8.0_144\jre\bin\prism_common.dll
0x54880000 - 0x54896000 	C:\Program Files\Java\jdk1.8.0_144\jre\bin\net.dll
0x754d0000 - 0x7550c000 	C:\Windows\system32\mswsock.dll
0x754c0000 - 0x754c6000 	C:\Windows\System32\wship6.dll
0x551b0000 - 0x551bf000 	C:\Program Files\Java\jdk1.8.0_144\jre\bin\nio.dll
0x75000000 - 0x75005000 	C:\Windows\System32\wshtcpip.dll
0x75390000 - 0x753d4000 	C:\Windows\system32\DNSAPI.dll
0x65750000 - 0x65771000 	C:\Program Files\Bonjour\mdnsNSP.dll
0x73570000 - 0x7358c000 	C:\Windows\system32\Iphlpapi.DLL
0x73560000 - 0x73567000 	C:\Windows\system32\WINNSI.DLL
0x69ca0000 - 0x69ca6000 	C:\Windows\system32\rasadhlp.dll
0x734e0000 - 0x73518000 	C:\Windows\System32\fwpuclnt.dll
0x6f990000 - 0x6fa7b000 	C:\Windows\system32\dbghelp.dll

VM Arguments:
jvm_args: -Dfile.encoding=UTF-8 
java_command: C:\Users\Xremix30\Documents\NetBeansProjects\SkyBrowser\dist\run179952527\SkyBrowser.jar
java_class_path (initial): C:\Users\Xremix30\Documents\NetBeansProjects\SkyBrowser\dist\run179952527\SkyBrowser.jar
Launcher Type: SUN_STANDARD

Environment Variables:
PATH=C:\ProgramData\Oracle\Java\javapath;C:\Windows\system32;C:\Windows;C:\Windows\System32\Wbem;C:\Windows\System32\WindowsPowerShell\v1.0\
USERNAME=Xremix30
OS=Windows_NT
PROCESSOR_IDENTIFIER=x86 Family 6 Model 14 Stepping 12, GenuineIntel



---------------  S Y S T E M  ---------------

OS: Windows 7 Build 7601 (6.1.7601.23889)

CPU:total 2 (initial active 2) (2 cores per cpu, 1 threads per core) family 6 model 14 stepping 12, cmov, cx8, fxsr, mmx, sse, sse2, sse3, tsc

Memory: 4k page, physical 3530168k(870120k free), swap 7058620k(3292800k free)

vm_info: Java HotSpot(TM) Client VM (25.144-b01) for windows-x86 JRE (1.8.0_144-b01), built on Jul 21 2017 21:58:05 by "java_re" with MS VC++ 10.0 (VS2010)

time: Tue Nov 21 16:11:08 2017
elapsed time: 12 seconds (0d 0h 0m 12s)

